e:\engine\game engine\era hub\x64\debug\vc142.pdb
e:\engine\game engine\era hub\x64\debug\vc142.idb
e:\engine\game engine\era hub\x64\debug\main.obj
e:\engine\game engine\era hub\x64\debug\guihubrenderer.obj
e:\engine\game engine\era hub\x64\debug\erahubwin32app.obj
e:\engine\game engine\era hub\x64\debug\erahubsample.obj
e:\engine\game engine\era hub\x64\debug\d3d12erahub.obj
e:\engine\game engine\era hub\x64\debug\imgui_impl_win32.obj
e:\engine\game engine\era hub\x64\debug\imgui_impl_dx12.obj
e:\engine\game engine\era hub\x64\debug\era hub.res
e:\engine\game engine\game engine\x64\debug\era engine hub.pdb
e:\engine\game engine\era hub\x64\debug\era hub.tlog\cl.command.1.tlog
e:\engine\game engine\era hub\x64\debug\era hub.tlog\cl.read.1.tlog
e:\engine\game engine\era hub\x64\debug\era hub.tlog\cl.write.1.tlog
e:\engine\game engine\era hub\x64\debug\era hub.tlog\link-cvtres.read.1.tlog
e:\engine\game engine\era hub\x64\debug\era hub.tlog\link-cvtres.write.1.tlog
e:\engine\game engine\era hub\x64\debug\era hub.tlog\link-rc.read.1.tlog
e:\engine\game engine\era hub\x64\debug\era hub.tlog\link-rc.write.1.tlog
e:\engine\game engine\era hub\x64\debug\era hub.tlog\link.command.1.tlog
e:\engine\game engine\era hub\x64\debug\era hub.tlog\link.read.1.tlog
e:\engine\game engine\era hub\x64\debug\era hub.tlog\link.read.2.tlog
e:\engine\game engine\era hub\x64\debug\era hub.tlog\link.write.1.tlog
e:\engine\game engine\era hub\x64\debug\era hub.tlog\rc.command.1.tlog
e:\engine\game engine\era hub\x64\debug\era hub.tlog\rc.read.1.tlog
e:\engine\game engine\era hub\x64\debug\era hub.tlog\rc.write.1.tlog
